2026.05.30 09:42:40 INFO  Started: Metals version 1.6.7 in folders 'C:\Users\JEYSSON\Documents\Ciclo VII\PGIO\Sistema-Empresarial---PGIO' for client Visual Studio Code 1.121.0.
2026.05.30 09:42:49 INFO  Memory monitor started
2026.05.30 09:42:53 WARN  Using H2 2.4.240 which is newer than the version Flyway has been verified with. The latest verified version of H2 is 2.3.232.
2026.05.30 09:42:56 INFO  no build target found for C:\Users\JEYSSON\Documents\Ciclo VII\PGIO\Sistema-Empresarial---PGIO\src\main\java\com\utp\pgio\repository\EmpleadoRepository.java. Using fallback presentation compiler.
may 30, 2026 9:43:00 A. M. org.eclipse.lsp4j.jsonrpc.RemoteEndpoint handleCancellation
WARNING: Unmatched cancel notification for request id 2
may 30, 2026 9:43:00 A. M. org.eclipse.lsp4j.jsonrpc.RemoteEndpoint handleCancellation
WARNING: Unmatched cancel notification for request id 4
may 30, 2026 9:43:00 A. M. org.eclipse.lsp4j.jsonrpc.RemoteEndpoint handleCancellation
WARNING: Unmatched cancel notification for request id 3
may 30, 2026 9:43:00 A. M. org.eclipse.lsp4j.jsonrpc.RemoteEndpoint handleCancellation
WARNING: Unmatched cancel notification for request id 1
2026.05.30 09:43:00 INFO  no build target found for C:\Users\JEYSSON\Documents\Ciclo VII\PGIO\Sistema-Empresarial---PGIO\src\main\java\com\utp\pgio\repository\SolicitudRepository.java. Using fallback presentation compiler.
2026.05.30 09:43:02 INFO  no build target found for C:\Users\JEYSSON\Documents\Ciclo VII\PGIO\Sistema-Empresarial---PGIO\src\main\java\com\utp\pgio\repository\SolicitudRepository.java. Using fallback presentation compiler.
2026.05.30 09:43:02 INFO  no build target found for C:\Users\JEYSSON\Documents\Ciclo VII\PGIO\Sistema-Empresarial---PGIO\src\main\java\com\utp\pgio\repository\SolicitudRepository.java. Using fallback presentation compiler.
may 30, 2026 9:43:02 A. M. org.eclipse.lsp4j.jsonrpc.RemoteEndpoint handleCancellation
WARNING: Unmatched cancel notification for request id 7
may 30, 2026 9:43:02 A. M. org.eclipse.lsp4j.jsonrpc.RemoteEndpoint handleCancellation
WARNING: Unmatched cancel notification for request id 11
2026.05.30 09:43:02 INFO  no build target found for C:\Users\JEYSSON\Documents\Ciclo VII\PGIO\Sistema-Empresarial---PGIO\src\main\java\com\utp\pgio\repository\SolicitudRepository.java. Using fallback presentation compiler.
2026.05.30 09:43:02 INFO  no build target found for C:\Users\JEYSSON\Documents\Ciclo VII\PGIO\Sistema-Empresarial---PGIO\src\main\java\com\utp\pgio\repository\SolicitudRepository.java. Using fallback presentation compiler.
may 30, 2026 9:43:04 A. M. org.eclipse.lsp4j.jsonrpc.RemoteEndpoint handleCancellation
WARNING: Unmatched cancel notification for request id 10
may 30, 2026 9:43:04 A. M. org.eclipse.lsp4j.jsonrpc.RemoteEndpoint handleCancellation
WARNING: Unmatched cancel notification for request id 14
2026.05.30 09:43:04 INFO  no build target found for C:\Users\JEYSSON\Documents\Ciclo VII\PGIO\Sistema-Empresarial---PGIO\src\main\java\com\utp\pgio\repository\SolicitudRepository.java. Using fallback presentation compiler.
2026.05.30 09:43:05 INFO  no build target found for C:\Users\JEYSSON\Documents\Ciclo VII\PGIO\Sistema-Empresarial---PGIO\src\main\java\com\utp\pgio\repository\SolicitudRepository.java. Using fallback presentation compiler.
may 30, 2026 9:43:07 A. M. org.eclipse.lsp4j.jsonrpc.RemoteEndpoint handleCancellation
WARNING: Unmatched cancel notification for request id 19
may 30, 2026 9:43:09 A. M. org.eclipse.lsp4j.jsonrpc.RemoteEndpoint handleCancellation
WARNING: Unmatched cancel notification for request id 12
may 30, 2026 9:43:10 A. M. org.eclipse.lsp4j.jsonrpc.RemoteEndpoint handleCancellation
WARNING: Unmatched cancel notification for request id 17
may 30, 2026 9:43:11 A. M. org.eclipse.lsp4j.jsonrpc.RemoteEndpoint handleCancellation
WARNING: Unmatched cancel notification for request id 8
2026.05.30 09:43:11 INFO  no build target found for C:\Users\JEYSSON\Documents\Ciclo VII\PGIO\Sistema-Empresarial---PGIO\src\main\java\com\utp\pgio\repository\UsuarioRepository.java. Using fallback presentation compiler.
may 30, 2026 9:43:12 A. M. org.eclipse.lsp4j.jsonrpc.RemoteEndpoint handleCancellation
WARNING: Unmatched cancel notification for request id 20
2026.05.30 09:43:11 INFO  no build target found for C:\Users\JEYSSON\Documents\Ciclo VII\PGIO\Sistema-Empresarial---PGIO\src\main\java\com\utp\pgio\repository\UsuarioRepository.java. Using fallback presentation compiler.
2026.05.30 09:43:12 INFO  no build target found for C:\Users\JEYSSON\Documents\Ciclo VII\PGIO\Sistema-Empresarial---PGIO\src\main\java\com\utp\pgio\repository\UsuarioRepository.java. Using fallback presentation compiler.
may 30, 2026 9:43:13 A. M. org.eclipse.lsp4j.jsonrpc.RemoteEndpoint handleCancellation
WARNING: Unmatched cancel notification for request id 22
2026.05.30 09:43:13 INFO  no build target found for C:\Users\JEYSSON\Documents\Ciclo VII\PGIO\Sistema-Empresarial---PGIO\src\main\java\com\utp\pgio\repository\UsuarioRepository.java. Using fallback presentation compiler.
may 30, 2026 9:43:13 A. M. org.eclipse.lsp4j.jsonrpc.RemoteEndpoint handleCancellation
WARNING: Unmatched cancel notification for request id 26
2026.05.30 09:43:13 INFO  no build target found for C:\Users\JEYSSON\Documents\Ciclo VII\PGIO\Sistema-Empresarial---PGIO\src\main\java\com\utp\pgio\repository\UsuarioRepository.java. Using fallback presentation compiler.
may 30, 2026 9:43:16 A. M. org.eclipse.lsp4j.jsonrpc.RemoteEndpoint handleCancellation
WARNING: Unmatched cancel notification for request id 27
2026.05.30 09:43:16 INFO  no build target found for C:\Users\JEYSSON\Documents\Ciclo VII\PGIO\Sistema-Empresarial---PGIO\src\main\java\com\utp\pgio\repository\UsuarioRepository.java. Using fallback presentation compiler.
2026.05.30 09:43:16 INFO  no build target found for C:\Users\JEYSSON\Documents\Ciclo VII\PGIO\Sistema-Empresarial---PGIO\src\main\java\com\utp\pgio\repository\UsuarioRepository.java. Using fallback presentation compiler.
2026.05.30 09:43:16 INFO  no build target found for C:\Users\JEYSSON\Documents\Ciclo VII\PGIO\Sistema-Empresarial---PGIO\src\main\java\com\utp\pgio\repository\UsuarioRepository.java. Using fallback presentation compiler.
may 30, 2026 9:43:17 A. M. org.eclipse.lsp4j.jsonrpc.RemoteEndpoint handleCancellation
WARNING: Unmatched cancel notification for request id 30
may 30, 2026 9:43:17 A. M. org.eclipse.lsp4j.jsonrpc.RemoteEndpoint handleCancellation
WARNING: Unmatched cancel notification for request id 31
2026.05.30 09:44:02 INFO  no build target found for C:\Users\JEYSSON\Documents\Ciclo VII\PGIO\Sistema-Empresarial---PGIO\src\main\java\com\utp\pgio\repository\UsuarioRepository.java. Using fallback presentation compiler.
2026.05.30 09:44:05 INFO  no build target found for C:\Users\JEYSSON\Documents\Ciclo VII\PGIO\Sistema-Empresarial---PGIO\src\main\java\com\utp\pgio\repository\UsuarioRepository.java. Using fallback presentation compiler.
2026.05.30 09:44:07 INFO  no build target found for C:\Users\JEYSSON\Documents\Ciclo VII\PGIO\Sistema-Empresarial---PGIO\src\main\java\com\utp\pgio\services\EmpleadoService.java. Using fallback presentation compiler.
2026.05.30 09:44:08 INFO  no build target found for C:\Users\JEYSSON\Documents\Ciclo VII\PGIO\Sistema-Empresarial---PGIO\src\main\java\com\utp\pgio\services\EmpleadoService.java. Using fallback presentation compiler.
2026.05.30 09:44:08 INFO  no build target found for C:\Users\JEYSSON\Documents\Ciclo VII\PGIO\Sistema-Empresarial---PGIO\src\main\java\com\utp\pgio\services\EmpleadoService.java. Using fallback presentation compiler.
may 30, 2026 9:44:08 A. M. org.eclipse.lsp4j.jsonrpc.RemoteEndpoint handleCancellation
WARNING: Unmatched cancel notification for request id 43
2026.05.30 09:44:08 INFO  no build target found for C:\Users\JEYSSON\Documents\Ciclo VII\PGIO\Sistema-Empresarial---PGIO\src\main\java\com\utp\pgio\services\EmpleadoService.java. Using fallback presentation compiler.
2026.05.30 09:44:08 INFO  no build target found for C:\Users\JEYSSON\Documents\Ciclo VII\PGIO\Sistema-Empresarial---PGIO\src\main\java\com\utp\pgio\services\EmpleadoService.java. Using fallback presentation compiler.
may 30, 2026 9:44:09 A. M. org.eclipse.lsp4j.jsonrpc.RemoteEndpoint handleCancellation
WARNING: Unmatched cancel notification for request id 47
2026.05.30 09:44:11 INFO  no build target found for C:\Users\JEYSSON\Documents\Ciclo VII\PGIO\Sistema-Empresarial---PGIO\src\main\java\com\utp\pgio\services\EmpleadoService.java. Using fallback presentation compiler.
2026.05.30 09:44:12 INFO  no build target found for C:\Users\JEYSSON\Documents\Ciclo VII\PGIO\Sistema-Empresarial---PGIO\src\main\java\com\utp\pgio\services\EmpleadoService.java. Using fallback presentation compiler.
2026.05.30 09:44:36 INFO  no build target found for C:\Users\JEYSSON\Documents\Ciclo VII\PGIO\Sistema-Empresarial---PGIO\src\main\java\com\utp\pgio\services\SolicitudService.java. Using fallback presentation compiler.
2026.05.30 09:44:36 INFO  no build target found for C:\Users\JEYSSON\Documents\Ciclo VII\PGIO\Sistema-Empresarial---PGIO\src\main\java\com\utp\pgio\services\SolicitudService.java. Using fallback presentation compiler.
2026.05.30 09:44:36 INFO  no build target found for C:\Users\JEYSSON\Documents\Ciclo VII\PGIO\Sistema-Empresarial---PGIO\src\main\java\com\utp\pgio\services\SolicitudService.java. Using fallback presentation compiler.
may 30, 2026 9:44:37 A. M. org.eclipse.lsp4j.jsonrpc.RemoteEndpoint handleCancellation
WARNING: Unmatched cancel notification for request id 55
2026.05.30 09:44:37 INFO  no build target found for C:\Users\JEYSSON\Documents\Ciclo VII\PGIO\Sistema-Empresarial---PGIO\src\main\java\com\utp\pgio\services\SolicitudService.java. Using fallback presentation compiler.
2026.05.30 09:44:37 INFO  no build target found for C:\Users\JEYSSON\Documents\Ciclo VII\PGIO\Sistema-Empresarial---PGIO\src\main\java\com\utp\pgio\services\SolicitudService.java. Using fallback presentation compiler.
may 30, 2026 9:44:37 A. M. org.eclipse.lsp4j.jsonrpc.RemoteEndpoint handleCancellation
WARNING: Unmatched cancel notification for request id 61
may 30, 2026 9:44:37 A. M. org.eclipse.lsp4j.jsonrpc.RemoteEndpoint handleCancellation
WARNING: Unmatched cancel notification for request id 62
2026.05.30 09:44:37 INFO  no build target found for C:\Users\JEYSSON\Documents\Ciclo VII\PGIO\Sistema-Empresarial---PGIO\src\main\java\com\utp\pgio\services\SolicitudService.java. Using fallback presentation compiler.
may 30, 2026 9:44:38 A. M. org.eclipse.lsp4j.jsonrpc.RemoteEndpoint handleCancellation
WARNING: Unmatched cancel notification for request id 63
2026.05.30 09:44:37 INFO  no build target found for C:\Users\JEYSSON\Documents\Ciclo VII\PGIO\Sistema-Empresarial---PGIO\src\main\java\com\utp\pgio\services\SolicitudService.java. Using fallback presentation compiler.
2026.05.30 09:44:39 WARN  Running javac-semanticdb failed for file:///C:/Users/JEYSSON/Documents/Ciclo%20VII/PGIO/Sistema-Empresarial---PGIO/src/main/java/com/utp/pgio/services/SolicitudService.java. Output:

2026.05.30 09:44:40 INFO  no build target found for C:\Users\JEYSSON\Documents\Ciclo VII\PGIO\Sistema-Empresarial---PGIO\src\main\java\com\utp\pgio\services\SolicitudService.java. Using fallback presentation compiler.
2026.05.30 09:44:40 INFO  no build target found for C:\Users\JEYSSON\Documents\Ciclo VII\PGIO\Sistema-Empresarial---PGIO\src\main\java\com\utp\pgio\services\SolicitudService.java. Using fallback presentation compiler.
2026.05.30 09:44:40 INFO  no build target found for C:\Users\JEYSSON\Documents\Ciclo VII\PGIO\Sistema-Empresarial---PGIO\src\main\java\com\utp\pgio\services\SolicitudService.java. Using fallback presentation compiler.
2026.05.30 09:44:41 INFO  Created report: Optional[file:///C:/Users/JEYSSON/Documents/Ciclo%20VII/PGIO/Sistema-Empresarial---PGIO/src/main/java/com/utp/pgio/services/SolicitudService.java]
2026.05.30 09:44:41 INFO  empty definition using pc, found symbol in pc: _empty_/AuditoriaRepository# (full report at: "C:\Users\JEYSSON\Documents\Ciclo VII\PGIO\Sistema-Empresarial---PGIO\.metals\.reports\metals-full\2026-05-30\r_empty-definition_09-44-41-595.md")
2026.05.30 09:44:41 INFO  Created report: Optional[file:///C:/Users/JEYSSON/Documents/Ciclo%20VII/PGIO/Sistema-Empresarial---PGIO/src/main/java/com/utp/pgio/services/SolicitudService.java]
2026.05.30 09:44:41 INFO  empty definition using pc, found symbol in pc: _empty_/SolicitudRepository# (full report at: "C:\Users\JEYSSON\Documents\Ciclo VII\PGIO\Sistema-Empresarial---PGIO\.metals\.reports\metals-full\2026-05-30\r_empty-definition_09-44-41-623.md")
2026.05.30 09:44:49 INFO  no build target found for C:\Users\JEYSSON\Documents\Ciclo VII\PGIO\Sistema-Empresarial---PGIO\src\main\java\com\utp\pgio\services\UsuarioService.java. Using fallback presentation compiler.
may 30, 2026 9:44:49 A. M. org.eclipse.lsp4j.jsonrpc.RemoteEndpoint handleCancellation
WARNING: Unmatched cancel notification for request id 70
2026.05.30 09:44:49 INFO  no build target found for C:\Users\JEYSSON\Documents\Ciclo VII\PGIO\Sistema-Empresarial---PGIO\src\main\java\com\utp\pgio\services\UsuarioService.java. Using fallback presentation compiler.
2026.05.30 09:44:50 INFO  no build target found for C:\Users\JEYSSON\Documents\Ciclo VII\PGIO\Sistema-Empresarial---PGIO\src\main\java\com\utp\pgio\services\UsuarioService.java. Using fallback presentation compiler.
2026.05.30 09:44:54 INFO  no build target found for C:\Users\JEYSSON\Documents\Ciclo VII\PGIO\Sistema-Empresarial---PGIO\src\main\java\com\utp\pgio\services\UsuarioService.java. Using fallback presentation compiler.
2026.05.30 09:44:54 INFO  no build target found for C:\Users\JEYSSON\Documents\Ciclo VII\PGIO\Sistema-Empresarial---PGIO\src\main\java\com\utp\pgio\services\UsuarioService.java. Using fallback presentation compiler.
2026.05.30 09:48:35 INFO  no build target found for C:\Users\JEYSSON\Documents\Ciclo VII\PGIO\Sistema-Empresarial---PGIO\src\main\java\com\utp\pgio\repository\EmpleadoRepository.java. Using fallback presentation compiler.
2026.05.30 09:48:35 INFO  no build target found for C:\Users\JEYSSON\Documents\Ciclo VII\PGIO\Sistema-Empresarial---PGIO\src\main\java\com\utp\pgio\repository\SolicitudRepository.java. Using fallback presentation compiler.
2026.05.30 09:48:35 INFO  no build target found for C:\Users\JEYSSON\Documents\Ciclo VII\PGIO\Sistema-Empresarial---PGIO\src\main\java\com\utp\pgio\repository\UsuarioRepository.java. Using fallback presentation compiler.
2026.05.30 09:48:39 INFO  no build target found for C:\Users\JEYSSON\Documents\Ciclo VII\PGIO\Sistema-Empresarial---PGIO\src\main\java\com\utp\pgio\services\EmpleadoService.java. Using fallback presentation compiler.
2026.05.30 09:48:40 INFO  no build target found for C:\Users\JEYSSON\Documents\Ciclo VII\PGIO\Sistema-Empresarial---PGIO\src\main\java\com\utp\pgio\services\SolicitudService.java. Using fallback presentation compiler.
2026.05.30 09:50:45 INFO  no build target found for C:\Users\JEYSSON\Documents\Ciclo VII\PGIO\Sistema-Empresarial---PGIO\src\main\java\com\utp\pgio\services\UsuarioService.java. Using fallback presentation compiler.
2026.05.30 09:50:45 INFO  no build target found for C:\Users\JEYSSON\Documents\Ciclo VII\PGIO\Sistema-Empresarial---PGIO\src\main\java\com\utp\pgio\services\SolicitudService.java. Using fallback presentation compiler.
2026.05.30 09:50:46 INFO  no build target found for C:\Users\JEYSSON\Documents\Ciclo VII\PGIO\Sistema-Empresarial---PGIO\src\main\java\com\utp\pgio\services\SolicitudService.java. Using fallback presentation compiler.
2026.05.30 09:50:45 INFO  no build target found for C:\Users\JEYSSON\Documents\Ciclo VII\PGIO\Sistema-Empresarial---PGIO\src\main\java\com\utp\pgio\services\SolicitudService.java. Using fallback presentation compiler.
may 30, 2026 9:50:46 A. M. org.eclipse.lsp4j.jsonrpc.RemoteEndpoint handleCancellation
WARNING: Unmatched cancel notification for request id 87
2026.05.30 09:50:45 INFO  no build target found for C:\Users\JEYSSON\Documents\Ciclo VII\PGIO\Sistema-Empresarial---PGIO\src\main\java\com\utp\pgio\services\SolicitudService.java. Using fallback presentation compiler.
2026.05.30 09:50:47 INFO  no build target found for C:\Users\JEYSSON\Documents\Ciclo VII\PGIO\Sistema-Empresarial---PGIO\src\main\java\com\utp\pgio\services\SolicitudService.java. Using fallback presentation compiler.
2026.05.30 09:50:47 INFO  no build target found for C:\Users\JEYSSON\Documents\Ciclo VII\PGIO\Sistema-Empresarial---PGIO\src\main\java\com\utp\pgio\services\SolicitudService.java. Using fallback presentation compiler.
may 30, 2026 9:50:48 A. M. org.eclipse.lsp4j.jsonrpc.RemoteEndpoint handleCancellation
WARNING: Unmatched cancel notification for request id 93
2026.05.30 09:50:48 INFO  no build target found for C:\Users\JEYSSON\Documents\Ciclo VII\PGIO\Sistema-Empresarial---PGIO\src\main\java\com\utp\pgio\services\SolicitudService.java. Using fallback presentation compiler.
may 30, 2026 9:50:48 A. M. org.eclipse.lsp4j.jsonrpc.RemoteEndpoint handleCancellation
WARNING: Unmatched cancel notification for request id 94
2026.05.30 09:50:48 INFO  no build target found for C:\Users\JEYSSON\Documents\Ciclo VII\PGIO\Sistema-Empresarial---PGIO\src\main\java\com\utp\pgio\services\SolicitudService.java. Using fallback presentation compiler.
2026.05.30 09:51:17 INFO  no build target found for C:\Users\JEYSSON\Documents\Ciclo VII\PGIO\Sistema-Empresarial---PGIO\src\main\java\com\utp\pgio\services\SolicitudService.java. Using fallback presentation compiler.
2026.05.30 09:51:18 INFO  no build target found for C:\Users\JEYSSON\Documents\Ciclo VII\PGIO\Sistema-Empresarial---PGIO\src\main\java\com\utp\pgio\services\SolicitudService.java. Using fallback presentation compiler.
2026.05.30 09:51:18 INFO  no build target found for C:\Users\JEYSSON\Documents\Ciclo VII\PGIO\Sistema-Empresarial---PGIO\src\main\java\com\utp\pgio\services\SolicitudService.java. Using fallback presentation compiler.
2026.05.30 09:51:22 INFO  no build target found for C:\Users\JEYSSON\Documents\Ciclo VII\PGIO\Sistema-Empresarial---PGIO\src\main\java\com\utp\pgio\services\SolicitudService.java. Using fallback presentation compiler.
2026.05.30 09:51:24 INFO  no build target found for C:\Users\JEYSSON\Documents\Ciclo VII\PGIO\Sistema-Empresarial---PGIO\src\main\java\com\utp\pgio\services\SolicitudService.java. Using fallback presentation compiler.
2026.05.30 09:51:36 INFO  no build target found for C:\Users\JEYSSON\Documents\Ciclo VII\PGIO\Sistema-Empresarial---PGIO\src\main\java\com\utp\pgio\services\SolicitudService.java. Using fallback presentation compiler.
2026.05.30 09:51:40 INFO  no build target found for C:\Users\JEYSSON\Documents\Ciclo VII\PGIO\Sistema-Empresarial---PGIO\src\main\java\com\utp\pgio\services\SolicitudService.java. Using fallback presentation compiler.
2026.05.30 09:52:25 INFO  no build target found for C:\Users\JEYSSON\Documents\Ciclo VII\PGIO\Sistema-Empresarial---PGIO\src\main\java\com\utp\pgio\services\SolicitudService.java. Using fallback presentation compiler.
2026.05.30 09:52:25 INFO  no build target found for C:\Users\JEYSSON\Documents\Ciclo VII\PGIO\Sistema-Empresarial---PGIO\src\main\java\com\utp\pgio\services\SolicitudService.java. Using fallback presentation compiler.
2026.05.30 09:52:27 INFO  no build target found for C:\Users\JEYSSON\Documents\Ciclo VII\PGIO\Sistema-Empresarial---PGIO\src\main\java\com\utp\pgio\services\SolicitudService.java. Using fallback presentation compiler.
2026.05.30 09:52:28 INFO  no build target found for C:\Users\JEYSSON\Documents\Ciclo VII\PGIO\Sistema-Empresarial---PGIO\src\main\java\com\utp\pgio\services\SolicitudService.java. Using fallback presentation compiler.
2026.05.30 09:52:32 INFO  no build target found for C:\Users\JEYSSON\Documents\Ciclo VII\PGIO\Sistema-Empresarial---PGIO\src\main\java\com\utp\pgio\services\SolicitudService.java. Using fallback presentation compiler.
2026.05.30 09:52:32 INFO  no build target found for C:\Users\JEYSSON\Documents\Ciclo VII\PGIO\Sistema-Empresarial---PGIO\src\main\java\com\utp\pgio\services\SolicitudService.java. Using fallback presentation compiler.
2026.05.30 09:52:34 INFO  no build target found for C:\Users\JEYSSON\Documents\Ciclo VII\PGIO\Sistema-Empresarial---PGIO\src\main\java\com\utp\pgio\services\SolicitudService.java. Using fallback presentation compiler.
2026.05.30 09:52:37 INFO  no build target found for C:\Users\JEYSSON\Documents\Ciclo VII\PGIO\Sistema-Empresarial---PGIO\src\main\java\com\utp\pgio\services\SolicitudService.java. Using fallback presentation compiler.
2026.05.30 09:52:37 INFO  no build target found for C:\Users\JEYSSON\Documents\Ciclo VII\PGIO\Sistema-Empresarial---PGIO\src\main\java\com\utp\pgio\services\SolicitudService.java. Using fallback presentation compiler.
2026.05.30 09:52:38 INFO  no build target found for C:\Users\JEYSSON\Documents\Ciclo VII\PGIO\Sistema-Empresarial---PGIO\src\main\java\com\utp\pgio\services\SolicitudService.java. Using fallback presentation compiler.
2026.05.30 09:52:38 INFO  no build target found for C:\Users\JEYSSON\Documents\Ciclo VII\PGIO\Sistema-Empresarial---PGIO\src\main\java\com\utp\pgio\services\SolicitudService.java. Using fallback presentation compiler.
2026.05.30 09:52:39 INFO  no build target found for C:\Users\JEYSSON\Documents\Ciclo VII\PGIO\Sistema-Empresarial---PGIO\src\main\java\com\utp\pgio\services\SolicitudService.java. Using fallback presentation compiler.
2026.05.30 09:52:39 INFO  no build target found for C:\Users\JEYSSON\Documents\Ciclo VII\PGIO\Sistema-Empresarial---PGIO\src\main\java\com\utp\pgio\services\SolicitudService.java. Using fallback presentation compiler.
2026.05.30 09:52:42 INFO  no build target found for C:\Users\JEYSSON\Documents\Ciclo VII\PGIO\Sistema-Empresarial---PGIO\src\main\java\com\utp\pgio\services\SolicitudService.java. Using fallback presentation compiler.
2026.05.30 09:52:43 WARN  Running javac-semanticdb failed for file:///C:/Users/JEYSSON/Documents/Ciclo%20VII/PGIO/Sistema-Empresarial---PGIO/src/main/java/com/utp/pgio/services/SolicitudService.java. Output:

2026.05.30 09:52:43 INFO  no build target found for C:\Users\JEYSSON\Documents\Ciclo VII\PGIO\Sistema-Empresarial---PGIO\src\main\java\com\utp\pgio\services\SolicitudService.java. Using fallback presentation compiler.
2026.05.30 09:52:43 INFO  Created report: Optional[file:///C:/Users/JEYSSON/Documents/Ciclo%20VII/PGIO/Sistema-Empresarial---PGIO/src/main/java/com/utp/pgio/services/SolicitudService.java]
2026.05.30 09:52:43 INFO  empty definition using pc, found symbol in pc:  (full report at: "C:\Users\JEYSSON\Documents\Ciclo VII\PGIO\Sistema-Empresarial---PGIO\.metals\.reports\metals-full\2026-05-30\r_empty-definition_09-52-43-472.md")
2026.05.30 10:02:45 INFO  no build target found for C:\Users\JEYSSON\Documents\Ciclo VII\PGIO\Sistema-Empresarial---PGIO\src\main\java\com\utp\pgio\services\SolicitudService.java. Using fallback presentation compiler.
2026.05.30 10:02:45 INFO  no build target found for C:\Users\JEYSSON\Documents\Ciclo VII\PGIO\Sistema-Empresarial---PGIO\src\main\java\com\utp\pgio\security\JwtSessionFilter.java. Using fallback presentation compiler.
2026.05.30 10:02:45 INFO  no build target found for C:\Users\JEYSSON\Documents\Ciclo VII\PGIO\Sistema-Empresarial---PGIO\src\main\java\com\utp\pgio\security\JwtSessionFilter.java. Using fallback presentation compiler.
may 30, 2026 10:02:45 A. M. org.eclipse.lsp4j.jsonrpc.RemoteEndpoint handleCancellation
WARNING: Unmatched cancel notification for request id 190
2026.05.30 10:02:45 INFO  no build target found for C:\Users\JEYSSON\Documents\Ciclo VII\PGIO\Sistema-Empresarial---PGIO\src\main\java\com\utp\pgio\security\JwtSessionFilter.java. Using fallback presentation compiler.
2026.05.30 10:02:47 INFO  no build target found for C:\Users\JEYSSON\Documents\Ciclo VII\PGIO\Sistema-Empresarial---PGIO\src\main\java\com\utp\pgio\security\JwtSessionFilter.java. Using fallback presentation compiler.
2026.05.30 10:02:47 INFO  no build target found for C:\Users\JEYSSON\Documents\Ciclo VII\PGIO\Sistema-Empresarial---PGIO\src\main\java\com\utp\pgio\security\JwtSessionFilter.java. Using fallback presentation compiler.
2026.05.30 10:03:00 INFO  no build target found for C:\Users\JEYSSON\Documents\Ciclo VII\PGIO\Sistema-Empresarial---PGIO\src\main\java\com\utp\pgio\security\JwtUtil.java. Using fallback presentation compiler.
2026.05.30 10:03:01 INFO  no build target found for C:\Users\JEYSSON\Documents\Ciclo VII\PGIO\Sistema-Empresarial---PGIO\src\main\java\com\utp\pgio\security\JwtUtil.java. Using fallback presentation compiler.
may 30, 2026 10:03:01 A. M. org.eclipse.lsp4j.jsonrpc.RemoteEndpoint handleCancellation
WARNING: Unmatched cancel notification for request id 201
2026.05.30 10:03:00 INFO  no build target found for C:\Users\JEYSSON\Documents\Ciclo VII\PGIO\Sistema-Empresarial---PGIO\src\main\java\com\utp\pgio\security\JwtUtil.java. Using fallback presentation compiler.
2026.05.30 10:03:02 INFO  no build target found for C:\Users\JEYSSON\Documents\Ciclo VII\PGIO\Sistema-Empresarial---PGIO\src\main\java\com\utp\pgio\security\JwtUtil.java. Using fallback presentation compiler.
2026.05.30 10:03:02 INFO  no build target found for C:\Users\JEYSSON\Documents\Ciclo VII\PGIO\Sistema-Empresarial---PGIO\src\main\java\com\utp\pgio\security\JwtUtil.java. Using fallback presentation compiler.
2026.05.30 10:03:02 INFO  no build target found for C:\Users\JEYSSON\Documents\Ciclo VII\PGIO\Sistema-Empresarial---PGIO\src\main\java\com\utp\pgio\security\JwtUtil.java. Using fallback presentation compiler.
2026.05.30 10:03:02 INFO  no build target found for C:\Users\JEYSSON\Documents\Ciclo VII\PGIO\Sistema-Empresarial---PGIO\src\main\java\com\utp\pgio\security\JwtUtil.java. Using fallback presentation compiler.
2026.05.30 10:03:03 WARN  Running javac-semanticdb failed for file:///C:/Users/JEYSSON/Documents/Ciclo%20VII/PGIO/Sistema-Empresarial---PGIO/src/main/java/com/utp/pgio/security/JwtUtil.java. Output:

2026.05.30 10:03:03 INFO  no build target found for C:\Users\JEYSSON\Documents\Ciclo VII\PGIO\Sistema-Empresarial---PGIO\src\main\java\com\utp\pgio\security\JwtUtil.java. Using fallback presentation compiler.
2026.05.30 10:03:03 INFO  no build target found for C:\Users\JEYSSON\Documents\Ciclo VII\PGIO\Sistema-Empresarial---PGIO\src\main\java\com\utp\pgio\security\JwtUtil.java. Using fallback presentation compiler.
may 30, 2026 10:03:03 A. M. org.eclipse.lsp4j.jsonrpc.RemoteEndpoint handleCancellation
WARNING: Unmatched cancel notification for request id 213
2026.05.30 10:03:11 INFO  no build target found for C:\Users\JEYSSON\Documents\Ciclo VII\PGIO\Sistema-Empresarial---PGIO\src\main\java\com\utp\pgio\security\SecurityConfig.java. Using fallback presentation compiler.
2026.05.30 10:03:11 INFO  no build target found for C:\Users\JEYSSON\Documents\Ciclo VII\PGIO\Sistema-Empresarial---PGIO\src\main\java\com\utp\pgio\security\SecurityConfig.java. Using fallback presentation compiler.
2026.05.30 10:03:11 INFO  no build target found for C:\Users\JEYSSON\Documents\Ciclo VII\PGIO\Sistema-Empresarial---PGIO\src\main\java\com\utp\pgio\security\SecurityConfig.java. Using fallback presentation compiler.
2026.05.30 10:03:12 INFO  no build target found for C:\Users\JEYSSON\Documents\Ciclo VII\PGIO\Sistema-Empresarial---PGIO\src\main\java\com\utp\pgio\security\SecurityConfig.java. Using fallback presentation compiler.
2026.05.30 10:03:12 INFO  no build target found for C:\Users\JEYSSON\Documents\Ciclo VII\PGIO\Sistema-Empresarial---PGIO\src\main\java\com\utp\pgio\security\SecurityConfig.java. Using fallback presentation compiler.
2026.05.30 10:03:13 WARN  Running javac-semanticdb failed for file:///C:/Users/JEYSSON/Documents/Ciclo%20VII/PGIO/Sistema-Empresarial---PGIO/src/main/java/com/utp/pgio/security/SecurityConfig.java. Output:

2026.05.30 10:03:13 INFO  no build target found for C:\Users\JEYSSON\Documents\Ciclo VII\PGIO\Sistema-Empresarial---PGIO\src\main\java\com\utp\pgio\security\SecurityConfig.java. Using fallback presentation compiler.
2026.05.30 10:03:27 INFO  no build target found for C:\Users\JEYSSON\Documents\Ciclo VII\PGIO\Sistema-Empresarial---PGIO\src\main\java\com\utp\pgio\controllers\AdminController.java. Using fallback presentation compiler.
2026.05.30 10:03:28 INFO  no build target found for C:\Users\JEYSSON\Documents\Ciclo VII\PGIO\Sistema-Empresarial---PGIO\src\main\java\com\utp\pgio\controllers\AdminController.java. Using fallback presentation compiler.
may 30, 2026 10:03:28 A. M. org.eclipse.lsp4j.jsonrpc.RemoteEndpoint handleCancellation
WARNING: Unmatched cancel notification for request id 226
2026.05.30 10:03:27 INFO  no build target found for C:\Users\JEYSSON\Documents\Ciclo VII\PGIO\Sistema-Empresarial---PGIO\src\main\java\com\utp\pgio\controllers\AdminController.java. Using fallback presentation compiler.
2026.05.30 10:03:29 INFO  no build target found for C:\Users\JEYSSON\Documents\Ciclo VII\PGIO\Sistema-Empresarial---PGIO\src\main\java\com\utp\pgio\controllers\AdminController.java. Using fallback presentation compiler.
2026.05.30 10:03:29 INFO  no build target found for C:\Users\JEYSSON\Documents\Ciclo VII\PGIO\Sistema-Empresarial---PGIO\src\main\java\com\utp\pgio\controllers\AdminController.java. Using fallback presentation compiler.
2026.05.30 10:03:29 INFO  no build target found for C:\Users\JEYSSON\Documents\Ciclo VII\PGIO\Sistema-Empresarial---PGIO\src\main\java\com\utp\pgio\controllers\AdminController.java. Using fallback presentation compiler.
2026.05.30 10:03:29 INFO  no build target found for C:\Users\JEYSSON\Documents\Ciclo VII\PGIO\Sistema-Empresarial---PGIO\src\main\java\com\utp\pgio\controllers\AdminController.java. Using fallback presentation compiler.
2026.05.30 10:03:30 INFO  no build target found for C:\Users\JEYSSON\Documents\Ciclo VII\PGIO\Sistema-Empresarial---PGIO\src\main\java\com\utp\pgio\controllers\AdminController.java. Using fallback presentation compiler.
may 30, 2026 10:03:30 A. M. org.eclipse.lsp4j.jsonrpc.RemoteEndpoint handleCancellation
WARNING: Unmatched cancel notification for request id 237
2026.05.30 10:03:31 WARN  Running javac-semanticdb failed for file:///C:/Users/JEYSSON/Documents/Ciclo%20VII/PGIO/Sistema-Empresarial---PGIO/src/main/java/com/utp/pgio/controllers/AdminController.java. Output:

2026.05.30 10:03:31 INFO  no build target found for C:\Users\JEYSSON\Documents\Ciclo VII\PGIO\Sistema-Empresarial---PGIO\src\main\java\com\utp\pgio\controllers\AdminController.java. Using fallback presentation compiler.
2026.05.30 10:03:31 INFO  no build target found for C:\Users\JEYSSON\Documents\Ciclo VII\PGIO\Sistema-Empresarial---PGIO\src\main\java\com\utp\pgio\controllers\AdminController.java. Using fallback presentation compiler.
2026.05.30 10:03:31 INFO  Created report: Optional[file:///C:/Users/JEYSSON/Documents/Ciclo%20VII/PGIO/Sistema-Empresarial---PGIO/src/main/java/com/utp/pgio/controllers/AdminController.java]
2026.05.30 10:03:31 INFO  empty definition using pc, found symbol in pc: _empty_/Authentication# (full report at: "C:\Users\JEYSSON\Documents\Ciclo VII\PGIO\Sistema-Empresarial---PGIO\.metals\.reports\metals-full\2026-05-30\r_empty-definition_10-03-31-523.md")
2026.05.30 10:03:44 INFO  no build target found for C:\Users\JEYSSON\Documents\Ciclo VII\PGIO\Sistema-Empresarial---PGIO\src\main\java\com\utp\pgio\controllers\InicioController.java. Using fallback presentation compiler.
2026.05.30 10:03:44 INFO  no build target found for C:\Users\JEYSSON\Documents\Ciclo VII\PGIO\Sistema-Empresarial---PGIO\src\main\java\com\utp\pgio\controllers\InicioController.java. Using fallback presentation compiler.
2026.05.30 10:03:44 INFO  no build target found for C:\Users\JEYSSON\Documents\Ciclo VII\PGIO\Sistema-Empresarial---PGIO\src\main\java\com\utp\pgio\controllers\InicioController.java. Using fallback presentation compiler.
2026.05.30 10:03:44 INFO  no build target found for C:\Users\JEYSSON\Documents\Ciclo VII\PGIO\Sistema-Empresarial---PGIO\src\main\java\com\utp\pgio\controllers\InicioController.java. Using fallback presentation compiler.
2026.05.30 10:03:44 INFO  no build target found for C:\Users\JEYSSON\Documents\Ciclo VII\PGIO\Sistema-Empresarial---PGIO\src\main\java\com\utp\pgio\controllers\InicioController.java. Using fallback presentation compiler.
2026.05.30 10:03:45 INFO  no build target found for C:\Users\JEYSSON\Documents\Ciclo VII\PGIO\Sistema-Empresarial---PGIO\src\main\java\com\utp\pgio\controllers\InicioController.java. Using fallback presentation compiler.
2026.05.30 10:03:45 INFO  no build target found for C:\Users\JEYSSON\Documents\Ciclo VII\PGIO\Sistema-Empresarial---PGIO\src\main\java\com\utp\pgio\controllers\InicioController.java. Using fallback presentation compiler.
2026.05.30 10:03:45 WARN  Running javac-semanticdb failed for file:///C:/Users/JEYSSON/Documents/Ciclo%20VII/PGIO/Sistema-Empresarial---PGIO/src/main/java/com/utp/pgio/controllers/InicioController.java. Output:

2026.05.30 10:03:46 INFO  no build target found for C:\Users\JEYSSON\Documents\Ciclo VII\PGIO\Sistema-Empresarial---PGIO\src\main\java\com\utp\pgio\controllers\InicioController.java. Using fallback presentation compiler.
2026.05.30 10:03:46 INFO  no build target found for C:\Users\JEYSSON\Documents\Ciclo VII\PGIO\Sistema-Empresarial---PGIO\src\main\java\com\utp\pgio\controllers\InicioController.java. Using fallback presentation compiler.
2026.05.30 10:03:46 INFO  no build target found for C:\Users\JEYSSON\Documents\Ciclo VII\PGIO\Sistema-Empresarial---PGIO\src\main\java\com\utp\pgio\controllers\InicioController.java. Using fallback presentation compiler.
2026.05.30 10:03:54 INFO  no build target found for C:\Users\JEYSSON\Documents\Ciclo VII\PGIO\Sistema-Empresarial---PGIO\src\main\java\com\utp\pgio\controllers\LoginController.java. Using fallback presentation compiler.
2026.05.30 10:03:54 INFO  no build target found for C:\Users\JEYSSON\Documents\Ciclo VII\PGIO\Sistema-Empresarial---PGIO\src\main\java\com\utp\pgio\controllers\LoginController.java. Using fallback presentation compiler.
2026.05.30 10:03:54 INFO  no build target found for C:\Users\JEYSSON\Documents\Ciclo VII\PGIO\Sistema-Empresarial---PGIO\src\main\java\com\utp\pgio\controllers\LoginController.java. Using fallback presentation compiler.
2026.05.30 10:03:54 INFO  no build target found for C:\Users\JEYSSON\Documents\Ciclo VII\PGIO\Sistema-Empresarial---PGIO\src\main\java\com\utp\pgio\controllers\LoginController.java. Using fallback presentation compiler.
2026.05.30 10:03:56 INFO  no build target found for C:\Users\JEYSSON\Documents\Ciclo VII\PGIO\Sistema-Empresarial---PGIO\src\main\java\com\utp\pgio\controllers\LoginController.java. Using fallback presentation compiler.
may 30, 2026 10:03:56 A. M. org.eclipse.lsp4j.jsonrpc.RemoteEndpoint handleCancellation
WARNING: Unmatched cancel notification for request id 265
2026.05.30 10:03:56 INFO  no build target found for C:\Users\JEYSSON\Documents\Ciclo VII\PGIO\Sistema-Empresarial---PGIO\src\main\java\com\utp\pgio\controllers\LoginController.java. Using fallback presentation compiler.
2026.05.30 10:03:56 INFO  no build target found for C:\Users\JEYSSON\Documents\Ciclo VII\PGIO\Sistema-Empresarial---PGIO\src\main\java\com\utp\pgio\controllers\LoginController.java. Using fallback presentation compiler.
2026.05.30 10:03:56 INFO  no build target found for C:\Users\JEYSSON\Documents\Ciclo VII\PGIO\Sistema-Empresarial---PGIO\src\main\java\com\utp\pgio\controllers\LoginController.java. Using fallback presentation compiler.
2026.05.30 10:03:57 WARN  Running javac-semanticdb failed for file:///C:/Users/JEYSSON/Documents/Ciclo%20VII/PGIO/Sistema-Empresarial---PGIO/src/main/java/com/utp/pgio/controllers/LoginController.java. Output:

2026.05.30 10:03:57 INFO  no build target found for C:\Users\JEYSSON\Documents\Ciclo VII\PGIO\Sistema-Empresarial---PGIO\src\main\java\com\utp\pgio\controllers\LoginController.java. Using fallback presentation compiler.
2026.05.30 10:03:57 INFO  no build target found for C:\Users\JEYSSON\Documents\Ciclo VII\PGIO\Sistema-Empresarial---PGIO\src\main\java\com\utp\pgio\controllers\LoginController.java. Using fallback presentation compiler.
2026.05.30 10:03:57 INFO  no build target found for C:\Users\JEYSSON\Documents\Ciclo VII\PGIO\Sistema-Empresarial---PGIO\src\main\java\com\utp\pgio\controllers\LoginController.java. Using fallback presentation compiler.
2026.05.30 10:03:57 INFO  Created report: Optional[file:///C:/Users/JEYSSON/Documents/Ciclo%20VII/PGIO/Sistema-Empresarial---PGIO/src/main/java/com/utp/pgio/controllers/LoginController.java]
2026.05.30 10:03:57 INFO  empty definition using pc, found symbol in pc:  (full report at: "C:\Users\JEYSSON\Documents\Ciclo VII\PGIO\Sistema-Empresarial---PGIO\.metals\.reports\metals-full\2026-05-30\r_empty-definition_10-03-57-707.md")
2026.05.30 10:03:57 INFO  no build target found for C:\Users\JEYSSON\Documents\Ciclo VII\PGIO\Sistema-Empresarial---PGIO\src\main\java\com\utp\pgio\controllers\LoginController.java. Using fallback presentation compiler.
2026.05.30 10:04:12 INFO  no build target found for C:\Users\JEYSSON\Documents\Ciclo VII\PGIO\Sistema-Empresarial---PGIO\src\main\java\com\utp\pgio\controllers\ResolutorController.java. Using fallback presentation compiler.
2026.05.30 10:04:12 INFO  no build target found for C:\Users\JEYSSON\Documents\Ciclo VII\PGIO\Sistema-Empresarial---PGIO\src\main\java\com\utp\pgio\controllers\ResolutorController.java. Using fallback presentation compiler.
2026.05.30 10:04:12 INFO  no build target found for C:\Users\JEYSSON\Documents\Ciclo VII\PGIO\Sistema-Empresarial---PGIO\src\main\java\com\utp\pgio\controllers\ResolutorController.java. Using fallback presentation compiler.
2026.05.30 10:04:12 INFO  no build target found for C:\Users\JEYSSON\Documents\Ciclo VII\PGIO\Sistema-Empresarial---PGIO\src\main\java\com\utp\pgio\controllers\ResolutorController.java. Using fallback presentation compiler.
2026.05.30 10:04:14 WARN  Running javac-semanticdb failed for file:///C:/Users/JEYSSON/Documents/Ciclo%20VII/PGIO/Sistema-Empresarial---PGIO/src/main/java/com/utp/pgio/controllers/ResolutorController.java. Output:

2026.05.30 10:04:14 INFO  no build target found for C:\Users\JEYSSON\Documents\Ciclo VII\PGIO\Sistema-Empresarial---PGIO\src\main\java\com\utp\pgio\controllers\ResolutorController.java. Using fallback presentation compiler.
2026.05.30 10:04:14 INFO  no build target found for C:\Users\JEYSSON\Documents\Ciclo VII\PGIO\Sistema-Empresarial---PGIO\src\main\java\com\utp\pgio\controllers\ResolutorController.java. Using fallback presentation compiler.
may 30, 2026 10:04:14 A. M. org.eclipse.lsp4j.jsonrpc.RemoteEndpoint handleCancellation
WARNING: Unmatched cancel notification for request id 283
2026.05.30 10:04:14 INFO  no build target found for C:\Users\JEYSSON\Documents\Ciclo VII\PGIO\Sistema-Empresarial---PGIO\src\main\java\com\utp\pgio\controllers\ResolutorController.java. Using fallback presentation compiler.
2026.05.30 10:04:14 INFO  no build target found for C:\Users\JEYSSON\Documents\Ciclo VII\PGIO\Sistema-Empresarial---PGIO\src\main\java\com\utp\pgio\controllers\ResolutorController.java. Using fallback presentation compiler.
2026.05.30 10:04:14 INFO  no build target found for C:\Users\JEYSSON\Documents\Ciclo VII\PGIO\Sistema-Empresarial---PGIO\src\main\java\com\utp\pgio\controllers\ResolutorController.java. Using fallback presentation compiler.
2026.05.30 10:04:14 INFO  Created report: Optional[file:///C:/Users/JEYSSON/Documents/Ciclo%20VII/PGIO/Sistema-Empresarial---PGIO/src/main/java/com/utp/pgio/controllers/ResolutorController.java]
2026.05.30 10:04:14 INFO  empty definition using pc, found symbol in pc: _empty_/SolicitudService# (full report at: "C:\Users\JEYSSON\Documents\Ciclo VII\PGIO\Sistema-Empresarial---PGIO\.metals\.reports\metals-full\2026-05-30\r_empty-definition_10-04-14-398.md")
2026.05.30 10:04:14 INFO  empty definition using pc, found symbol in pc: _empty_/SolicitudService# (full report at: "C:\Users\JEYSSON\Documents\Ciclo VII\PGIO\Sistema-Empresarial---PGIO\.metals\.reports\metals-full\2026-05-30\r_empty-definition_10-04-14-398.md")
2026.05.30 10:04:14 INFO  no build target found for C:\Users\JEYSSON\Documents\Ciclo VII\PGIO\Sistema-Empresarial---PGIO\src\main\java\com\utp\pgio\controllers\ResolutorController.java. Using fallback presentation compiler.
2026.05.30 10:04:14 INFO  no build target found for C:\Users\JEYSSON\Documents\Ciclo VII\PGIO\Sistema-Empresarial---PGIO\src\main\java\com\utp\pgio\services\SolicitudService.java. Using fallback presentation compiler.
may 30, 2026 10:04:14 A. M. org.eclipse.lsp4j.jsonrpc.RemoteEndpoint handleCancellation
WARNING: Unmatched cancel notification for request id 287
2026.05.30 10:04:15 INFO  no build target found for C:\Users\JEYSSON\Documents\Ciclo VII\PGIO\Sistema-Empresarial---PGIO\src\main\java\com\utp\pgio\controllers\ResolutorController.java. Using fallback presentation compiler.
2026.05.30 10:04:14 INFO  no build target found for C:\Users\JEYSSON\Documents\Ciclo VII\PGIO\Sistema-Empresarial---PGIO\src\main\java\com\utp\pgio\controllers\ResolutorController.java. Using fallback presentation compiler.
2026.05.30 10:04:15 INFO  empty definition using pc, found symbol in pc: _empty_/SolicitudService# (full report at: "C:\Users\JEYSSON\Documents\Ciclo VII\PGIO\Sistema-Empresarial---PGIO\.metals\.reports\metals-full\2026-05-30\r_empty-definition_10-04-14-398.md")
2026.05.30 10:04:22 INFO  no build target found for C:\Users\JEYSSON\Documents\Ciclo VII\PGIO\Sistema-Empresarial---PGIO\src\main\java\com\utp\pgio\controllers\SolicitudController.java. Using fallback presentation compiler.
2026.05.30 10:04:22 INFO  no build target found for C:\Users\JEYSSON\Documents\Ciclo VII\PGIO\Sistema-Empresarial---PGIO\src\main\java\com\utp\pgio\controllers\SolicitudController.java. Using fallback presentation compiler.
2026.05.30 10:04:22 INFO  no build target found for C:\Users\JEYSSON\Documents\Ciclo VII\PGIO\Sistema-Empresarial---PGIO\src\main\java\com\utp\pgio\controllers\SolicitudController.java. Using fallback presentation compiler.
2026.05.30 10:04:22 INFO  no build target found for C:\Users\JEYSSON\Documents\Ciclo VII\PGIO\Sistema-Empresarial---PGIO\src\main\java\com\utp\pgio\controllers\SolicitudController.java. Using fallback presentation compiler.
2026.05.30 10:04:23 INFO  no build target found for C:\Users\JEYSSON\Documents\Ciclo VII\PGIO\Sistema-Empresarial---PGIO\src\main\java\com\utp\pgio\controllers\SolicitudController.java. Using fallback presentation compiler.
may 30, 2026 10:04:23 A. M. org.eclipse.lsp4j.jsonrpc.RemoteEndpoint handleCancellation
WARNING: Unmatched cancel notification for request id 298
2026.05.30 10:04:23 INFO  no build target found for C:\Users\JEYSSON\Documents\Ciclo VII\PGIO\Sistema-Empresarial---PGIO\src\main\java\com\utp\pgio\controllers\SolicitudController.java. Using fallback presentation compiler.
2026.05.30 10:04:24 WARN  Running javac-semanticdb failed for file:///C:/Users/JEYSSON/Documents/Ciclo%20VII/PGIO/Sistema-Empresarial---PGIO/src/main/java/com/utp/pgio/controllers/SolicitudController.java. Output:

2026.05.30 10:04:24 INFO  no build target found for C:\Users\JEYSSON\Documents\Ciclo VII\PGIO\Sistema-Empresarial---PGIO\src\main\java\com\utp\pgio\controllers\SolicitudController.java. Using fallback presentation compiler.
2026.05.30 10:04:32 INFO  no build target found for C:\Users\JEYSSON\Documents\Ciclo VII\PGIO\Sistema-Empresarial---PGIO\src\main\java\com\utp\pgio\controllers\SupervisorController.java. Using fallback presentation compiler.
2026.05.30 10:04:32 INFO  no build target found for C:\Users\JEYSSON\Documents\Ciclo VII\PGIO\Sistema-Empresarial---PGIO\src\main\java\com\utp\pgio\controllers\SupervisorController.java. Using fallback presentation compiler.
2026.05.30 10:04:32 INFO  no build target found for C:\Users\JEYSSON\Documents\Ciclo VII\PGIO\Sistema-Empresarial---PGIO\src\main\java\com\utp\pgio\controllers\SupervisorController.java. Using fallback presentation compiler.
2026.05.30 10:04:33 INFO  no build target found for C:\Users\JEYSSON\Documents\Ciclo VII\PGIO\Sistema-Empresarial---PGIO\src\main\java\com\utp\pgio\controllers\SupervisorController.java. Using fallback presentation compiler.
may 30, 2026 10:04:33 A. M. org.eclipse.lsp4j.jsonrpc.RemoteEndpoint handleCancellation
WARNING: Unmatched cancel notification for request id 310
2026.05.30 10:04:33 INFO  no build target found for C:\Users\JEYSSON\Documents\Ciclo VII\PGIO\Sistema-Empresarial---PGIO\src\main\java\com\utp\pgio\controllers\SupervisorController.java. Using fallback presentation compiler.
2026.05.30 10:05:45 INFO  no build target found for C:\Users\JEYSSON\Documents\Ciclo VII\PGIO\Sistema-Empresarial---PGIO\src\main\java\com\utp\pgio\security\JwtSessionFilter.java. Using fallback presentation compiler.
2026.05.30 10:06:01 INFO  no build target found for C:\Users\JEYSSON\Documents\Ciclo VII\PGIO\Sistema-Empresarial---PGIO\src\main\java\com\utp\pgio\security\JwtUtil.java. Using fallback presentation compiler.
2026.05.30 10:06:11 INFO  no build target found for C:\Users\JEYSSON\Documents\Ciclo VII\PGIO\Sistema-Empresarial---PGIO\src\main\java\com\utp\pgio\security\SecurityConfig.java. Using fallback presentation compiler.
2026.05.30 10:06:27 INFO  no build target found for C:\Users\JEYSSON\Documents\Ciclo VII\PGIO\Sistema-Empresarial---PGIO\src\main\java\com\utp\pgio\controllers\AdminController.java. Using fallback presentation compiler.
2026.05.30 10:06:44 INFO  no build target found for C:\Users\JEYSSON\Documents\Ciclo VII\PGIO\Sistema-Empresarial---PGIO\src\main\java\com\utp\pgio\controllers\InicioController.java. Using fallback presentation compiler.
2026.05.30 10:06:54 INFO  no build target found for C:\Users\JEYSSON\Documents\Ciclo VII\PGIO\Sistema-Empresarial---PGIO\src\main\java\com\utp\pgio\controllers\LoginController.java. Using fallback presentation compiler.
2026.05.30 10:07:12 INFO  no build target found for C:\Users\JEYSSON\Documents\Ciclo VII\PGIO\Sistema-Empresarial---PGIO\src\main\java\com\utp\pgio\controllers\ResolutorController.java. Using fallback presentation compiler.
2026.05.30 10:07:14 INFO  no build target found for C:\Users\JEYSSON\Documents\Ciclo VII\PGIO\Sistema-Empresarial---PGIO\src\main\java\com\utp\pgio\services\SolicitudService.java. Using fallback presentation compiler.
2026.05.30 10:07:22 INFO  no build target found for C:\Users\JEYSSON\Documents\Ciclo VII\PGIO\Sistema-Empresarial---PGIO\src\main\java\com\utp\pgio\controllers\SolicitudController.java. Using fallback presentation compiler.
2026.05.30 10:09:33 INFO  no build target found for C:\Users\JEYSSON\Documents\Ciclo VII\PGIO\Sistema-Empresarial---PGIO\src\main\java\com\utp\pgio\controllers\SupervisorController.java. Using fallback presentation compiler.
2026.05.30 10:09:33 INFO  no build target found for C:\Users\JEYSSON\Documents\Ciclo VII\PGIO\Sistema-Empresarial---PGIO\src\main\java\com\utp\pgio\repository\AuditoriaRepository.java. Using fallback presentation compiler.
2026.05.30 10:09:33 INFO  no build target found for C:\Users\JEYSSON\Documents\Ciclo VII\PGIO\Sistema-Empresarial---PGIO\src\main\java\com\utp\pgio\repository\AuditoriaRepository.java. Using fallback presentation compiler.
2026.05.30 10:09:33 INFO  no build target found for C:\Users\JEYSSON\Documents\Ciclo VII\PGIO\Sistema-Empresarial---PGIO\src\main\java\com\utp\pgio\repository\AuditoriaRepository.java. Using fallback presentation compiler.
2026.05.30 10:09:33 INFO  no build target found for C:\Users\JEYSSON\Documents\Ciclo VII\PGIO\Sistema-Empresarial---PGIO\src\main\java\com\utp\pgio\repository\AuditoriaRepository.java. Using fallback presentation compiler.
2026.05.30 10:10:07 INFO  Shutting down server
2026.05.30 10:10:07 INFO  Memory monitor stopped
2026.05.30 10:10:07 INFO  shutting down Metals
2026.05.30 10:10:07 INFO  Exiting server
2026.05.30 10:10:07 ERROR Unexpected error initializing server: 
org.eclipse.lsp4j.jsonrpc.ResponseErrorException: Request window/showMessageRequest failed with message: Canceled
	at org.eclipse.lsp4j.jsonrpc.RemoteEndpoint.handleResponse(RemoteEndpoint.java:214)
	at org.eclipse.lsp4j.jsonrpc.RemoteEndpoint.consume(RemoteEndpoint.java:198)
	at org.eclipse.lsp4j.jsonrpc.json.StreamMessageProducer.handleMessage(StreamMessageProducer.java:189)
	at org.eclipse.lsp4j.jsonrpc.json.StreamMessageProducer.listen(StreamMessageProducer.java:97)
	at org.eclipse.lsp4j.jsonrpc.json.ConcurrentMessageProcessor.run(ConcurrentMessageProcessor.java:97)
	at java.util.concurrent.Executors$RunnableAdapter.call(Executors.java:545)
	at java.util.concurrent.FutureTask.run(FutureTask.java:328)
	at java.util.concurrent.ThreadPoolExecutor.runWorker(ThreadPoolExecutor.java:1095)
	at java.util.concurrent.ThreadPoolExecutor$Worker.run(ThreadPoolExecutor.java:619)
	at java.lang.Thread.run(Thread.java:1447)

